0 info it worked if it ends with ok
1 verbose cli [ '/usr/local/bin/node', '/usr/local/bin/npm', 'publish' ]
2 info using npm@2.14.7
3 info using node@v4.2.3
4 verbose publish [ '.' ]
5 silly cache add args [ '.', null ]
6 verbose cache add spec .
7 silly cache add parsed spec Result {
7 silly cache add   raw: '.',
7 silly cache add   scope: null,
7 silly cache add   name: null,
7 silly cache add   rawSpec: '.',
7 silly cache add   spec: '/Applications/packages/topogrid.js',
7 silly cache add   type: 'directory' }
8 verbose addLocalDirectory /Users/andrewheusser/.npm/topogrid/1.0.0/package.tgz not in flight; packing
9 verbose tar pack [ '/Users/andrewheusser/.npm/topogrid/1.0.0/package.tgz',
9 verbose tar pack   '/Applications/packages/topogrid.js' ]
10 verbose tarball /Users/andrewheusser/.npm/topogrid/1.0.0/package.tgz
11 verbose folder /Applications/packages/topogrid.js
12 info prepublish topogrid@1.0.0
13 verbose addLocalTarball adding from inside cache /Users/andrewheusser/.npm/topogrid/1.0.0/package.tgz
14 silly cache afterAdd topogrid@1.0.0
15 verbose afterAdd /Users/andrewheusser/.npm/topogrid/1.0.0/package/package.json not in flight; writing
16 verbose afterAdd /Users/andrewheusser/.npm/topogrid/1.0.0/package/package.json written
17 silly publish { name: 'topogrid',
17 silly publish   version: '1.0.0',
17 silly publish   description: 'javascript library for interpolation of topographic EEG plots',
17 silly publish   main: 'index.js',
17 silly publish   directories: { example: 'examples' },
17 silly publish   scripts: { test: 'node test/test.js', start: 'node index' },
17 silly publish   repository:
17 silly publish    { type: 'git',
17 silly publish      url: 'git+https://github.com/NeuroJS/topogrid.git' },
17 silly publish   keywords: [ 'EEG', 'topoplot' ],
17 silly publish   author: { name: 'Andy Heusser' },
17 silly publish   license: 'ISC',
17 silly publish   bugs: { url: 'https://github.com/NeuroJS/topogrid/issues' },
17 silly publish   homepage: 'https://github.com/NeuroJS/topogrid#readme',
17 silly publish   dependencies: { mathjs: '^3.1.4' },
17 silly publish   readme: '# topogrid\njavascript library for interpolation of topographic EEG plots\n',
17 silly publish   readmeFilename: 'README.md',
17 silly publish   gitHead: '25d5278d953b29f62624ff1864453b88c4c4e269',
17 silly publish   _id: 'topogrid@1.0.0',
17 silly publish   _shasum: 'ea4f62a263768268929d938bcb43f4a422c7c24b',
17 silly publish   _from: '.' }
18 verbose getPublishConfig undefined
19 silly mapToRegistry name topogrid
20 silly mapToRegistry using default registry
21 silly mapToRegistry registry https://registry.npmjs.org/
22 silly mapToRegistry uri https://registry.npmjs.org/topogrid
23 verbose publish registryBase https://registry.npmjs.org/
24 silly publish uploading /Users/andrewheusser/.npm/topogrid/1.0.0/package.tgz
25 verbose request uri https://registry.npmjs.org/topogrid
26 verbose request sending authorization for write operation
27 info attempt registry request try #1 at 3:33:34 PM
28 verbose request using bearer token for auth
29 verbose request id bac20f50fa1e68ef
30 http request PUT https://registry.npmjs.org/topogrid
31 http 403 https://registry.npmjs.org/topogrid
32 verbose headers { 'content-type': 'application/json',
32 verbose headers   'cache-control': 'max-age=300',
32 verbose headers   'content-length': '95',
32 verbose headers   'accept-ranges': 'bytes',
32 verbose headers   date: 'Wed, 13 Apr 2016 19:33:35 GMT',
32 verbose headers   via: '1.1 varnish',
32 verbose headers   connection: 'keep-alive',
32 verbose headers   'x-served-by': 'cache-jfk1048-JFK',
32 verbose headers   'x-cache': 'MISS',
32 verbose headers   'x-cache-hits': '0',
32 verbose headers   'x-timer': 'S1460576014.976572,VS0,VE628',
32 verbose headers   vary: 'Accept-Encoding' }
33 verbose request invalidating /Users/andrewheusser/.npm/registry.npmjs.org/topogrid on PUT
34 error publish Failed PUT 403
35 verbose stack Error: "You cannot publish over the previously published version 1.0.0." : topogrid
35 verbose stack     at makeError (/usr/local/lib/node_modules/npm/node_modules/npm-registry-client/lib/request.js:264:12)
35 verbose stack     at CachingRegistryClient.<anonymous> (/usr/local/lib/node_modules/npm/node_modules/npm-registry-client/lib/request.js:252:14)
35 verbose stack     at Request._callback (/usr/local/lib/node_modules/npm/node_modules/npm-registry-client/lib/request.js:172:14)
35 verbose stack     at Request.self.callback (/usr/local/lib/node_modules/npm/node_modules/request/request.js:198:22)
35 verbose stack     at emitTwo (events.js:87:13)
35 verbose stack     at Request.emit (events.js:172:7)
35 verbose stack     at Request.<anonymous> (/usr/local/lib/node_modules/npm/node_modules/request/request.js:1063:14)
35 verbose stack     at emitOne (events.js:82:20)
35 verbose stack     at Request.emit (events.js:169:7)
35 verbose stack     at IncomingMessage.<anonymous> (/usr/local/lib/node_modules/npm/node_modules/request/request.js:1009:12)
36 verbose statusCode 403
37 verbose pkgid topogrid
38 verbose cwd /Applications/packages/topogrid.js
39 error Darwin 14.3.0
40 error argv "/usr/local/bin/node" "/usr/local/bin/npm" "publish"
41 error node v4.2.3
42 error npm  v2.14.7
43 error code E403
44 error "You cannot publish over the previously published version 1.0.0." : topogrid
45 error If you need help, you may report this error at:
45 error     <https://github.com/npm/npm/issues>
46 verbose exit [ 1, true ]
